<?xml version="1.0" encoding="UTF-8"?>
<!-- Generated by org.testng.reporters.JUnitReportReporter -->
<testsuite hostname="TYSS-Shobha" failures="0" tests="1" name="FramewORK.Scroll" time="11.108" errors="0" timestamp="2023-04-22T08:12:05 IST" skipped="0">
  <testcase classname="FramewORK.Scroll" name="scroll" time="11.108"/>
  <system-out/>
</testsuite> <!-- FramewORK.Scroll -->
