<?xml version="1.0" encoding="UTF-8"?>
<!-- Generated by org.testng.reporters.JUnitReportReporter -->
<testsuite hostname="TYSS-Shobha" failures="0" tests="1" name="FramewORK.Excel_Data" time="4.538" errors="0" timestamp="2023-04-22T08:12:05 IST" skipped="0">
  <testcase classname="FramewORK.Excel_Data" name="excelData" time="4.538"/>
  <system-out/>
</testsuite> <!-- FramewORK.Excel_Data -->
