<?xml version="1.0" encoding="UTF-8"?>
<!-- Generated by org.testng.reporters.JUnitReportReporter -->
<testsuite hostname="TYSS-Shobha" failures="0" tests="2" name="DemoTest" time="0.008" errors="0" timestamp="2023-04-15T09:14:44 IST" skipped="0">
  <testcase classname="DemoTest" name="modifyContact" time="0.001"/>
  <system-out/>
  <testcase classname="DemoTest" name="createContact" time="0.007"/>
  <system-out/>
</testsuite> <!-- DemoTest -->
