<?xml version="1.0" encoding="UTF-8"?>
<!-- Generated by org.testng.reporters.JUnitReportReporter -->
<testsuite hostname="TYSS-Shobha" failures="0" tests="2" name="FramewORK.RobotScroll" time="22.654" errors="0" timestamp="2023-04-16T07:22:20 IST" skipped="0">
  <testcase classname="FramewORK.RobotScroll" name="robotscroll" time="11.082"/>
  <system-out/>
  <testcase classname="FramewORK.RobotScroll" name="robotscroll" time="11.572"/>
  <system-out/>
</testsuite> <!-- FramewORK.RobotScroll -->
