<?xml version="1.0" encoding="UTF-8"?>
<!-- Generated by org.testng.reporters.JUnitReportReporter -->
<testsuite hostname="TYSS-Shobha" failures="0" tests="1" name="FramewORK.ScreenShot" time="5.053" errors="0" timestamp="2023-04-23T07:27:18 IST" skipped="0">
  <testcase classname="FramewORK.ScreenShot" name="method" time="5.053"/>
  <system-out/>
</testsuite> <!-- FramewORK.ScreenShot -->
